


ARM Macro Assembler    Page 1 


    1 00000000         
    2 00000000                 AREA             myCode, CODE, READONLY
    3 00000000                 ENTRY
    4 00000000                 EXPORT           __main
    5 00000000         
    6 00000000         
    7 00000000         __main
    8 00000000 4804            LDR              R0,=0xF62562FA
    9 00000002 4905            LDR              R1,=0xF412963B
   10 00000004         
   11 00000004 F04F 0235       MOV              R2,#0x35
   12 00000008 F04F 0321       MOV              R3,#0x21
   13 0000000C         
   14 0000000C 18D5            ADDS             R5,R2,R3
   15 0000000E EB42 0603       ADC              R6,R2,R3    ; R6 = R2 +R3 + Car
                                                            ry
   16 00000012         
   17 00000012 E7FE    Stop    B                Stop
   18 00000014         
   19 00000014                 END
              F62562FA 
              F412963B 
Command Line: --debug --xref --diag_suppress=9931 --cpu=Cortex-M4.fp --apcs=int
erwork --depend=.\objects\main.d -o.\objects\main.o -I.\RTE\_CortexM4 -IC:\Keil
_v5\ARM\PACK\ARM\CMSIS\5.3.0\CMSIS\Include -IC:\Keil_v5\ARM\PACK\Keil\STM32F4xx
_DFP\2.13.0\Drivers\CMSIS\Device\ST\STM32F4xx\Include --predefine="__EVAL SETA 
1" --predefine="__MICROLIB SETA 1" --predefine="__UVISION_VERSION SETA 525" --p
redefine="_RTE_ SETA 1" --predefine="STM32F411xE SETA 1" --list=.\listings\main
.lst main.s



ARM Macro Assembler    Page 1 Alphabetic symbol ordering
Relocatable symbols

Stop 00000012

Symbol: Stop
   Definitions
      At line 17 in file main.s
   Uses
      At line 17 in file main.s
Comment: Stop used once
__main 00000000

Symbol: __main
   Definitions
      At line 7 in file main.s
   Uses
      At line 4 in file main.s
Comment: __main used once
myCode 00000000

Symbol: myCode
   Definitions
      At line 2 in file main.s
   Uses
      None
Comment: myCode unused
3 symbols
341 symbols in table
