


ARM Macro Assembler    Page 1 


    1 00000000                 PRESERVE8
    2 00000000                 THUMB
    3 00000000         
    4 00000000 00000100 
                       Stack   EQU              0x00000100
    5 00000000                 AREA             STACK, NOINIT, READWRITE, ALIGN
 =3
    6 00000000         
    7 00000000         StackMem
                               SPACE            Stack
    8 00000100         
    9 00000100                 AREA             RESET, DATA, READONLY
   10 00000000                 EXPORT           __Vectors
   11 00000000         
   12 00000000         __Vectors
   13 00000000 00000100        DCD              StackMem + Stack
   14 00000004 00000000        DCD              Reset_Handler
   15 00000008         
   16 00000008                 ALIGN
   17 00000008         
   18 00000008                 AREA             |.text|,CODE, READONLY, ALIGN=2
   19 00000000                 ENTRY
   20 00000000                 EXPORT           Reset_Handler
   21 00000000         
   22 00000000         Reset_Handler
   23 00000000 F241 2534       MOV              R5, #0x1234
   24 00000004 F241 2334       MOV              R3, #0x1234
   25 00000008 EB05 0603       ADD              R6, R5, R3
   26 0000000C         
   27 0000000C         STOP
   28 0000000C E7FE            B                STOP
   29 0000000E                 END
Command Line: --debug --xref --diag_suppress=9931 --cpu=Cortex-M4.fp --apcs=int
erwork --depend=.\objects\main.d -o.\objects\main.o -I.\RTE\_Cortex-M4 -IC:\Kei
l_v5\V518a\ARM\PACK\ARM\CMSIS\5.3.0\Device\ARM\ARMCM4\Include -IC:\Keil_v5\V518
a\ARM\CMSIS\Include --predefine="__MICROLIB SETA 1" --predefine="__UVISION_VERS
ION SETA 525" --predefine="ARMCM4_FP SETA 1" --list=.\listings\main.lst main.s



ARM Macro Assembler    Page 1 Alphabetic symbol ordering
Relocatable symbols

STACK 00000000

Symbol: STACK
   Definitions
      At line 5 in file main.s
   Uses
      None
Comment: STACK unused
StackMem 00000000

Symbol: StackMem
   Definitions
      At line 7 in file main.s
   Uses
      At line 13 in file main.s
Comment: StackMem used once
2 symbols



ARM Macro Assembler    Page 1 Alphabetic symbol ordering
Relocatable symbols

RESET 00000000

Symbol: RESET
   Definitions
      At line 9 in file main.s
   Uses
      None
Comment: RESET unused
__Vectors 00000000

Symbol: __Vectors
   Definitions
      At line 12 in file main.s
   Uses
      At line 10 in file main.s
Comment: __Vectors used once
2 symbols



ARM Macro Assembler    Page 1 Alphabetic symbol ordering
Relocatable symbols

.text 00000000

Symbol: .text
   Definitions
      At line 18 in file main.s
   Uses
      None
Comment: .text unused
Reset_Handler 00000000

Symbol: Reset_Handler
   Definitions
      At line 22 in file main.s
   Uses
      At line 14 in file main.s
      At line 20 in file main.s

STOP 0000000C

Symbol: STOP
   Definitions
      At line 27 in file main.s
   Uses
      At line 28 in file main.s
Comment: STOP used once
3 symbols



ARM Macro Assembler    Page 1 Alphabetic symbol ordering
Absolute symbols

Stack 00000100

Symbol: Stack
   Definitions
      At line 4 in file main.s
   Uses
      At line 7 in file main.s
      At line 13 in file main.s

1 symbol
342 symbols in table
