


ARM Macro Assembler    Page 1 


    1 00000000         ;SW_2 :PF0
    2 00000000         ;LED_R : PF1
    3 00000000         ;LED_B : PF2
    4 00000000         ;LED_G : PF3
    5 00000000         ;SW_1   :PF4
    6 00000000         
    7 00000000         
    8 00000000 400FE000 
                       SYSCTL_BASE
                               EQU              0x400FE000
    9 00000000 00000608 
                       RCGCGPIO_OFFSET
                               EQU              0x608
   10 00000000 400FE608 
                       SYSCTL_RCGCGPIO_R
                               EQU              SYSCTL_BASE + RCGCGPIO_OFFSET
   11 00000000         
   12 00000000 40025000 
                       GPIOF_BASE
                               EQU              0x40025000
   13 00000000         
   14 00000000 00000400 
                       GPIOF_DIR_OFFSET
                               EQU              0x400
   15 00000000 40025400 
                       GPIOF_DIR_R
                               EQU              GPIOF_BASE + GPIOF_DIR_OFFSET
   16 00000000         
   17 00000000 000003FC 
                       GPIOF_DATA_OFFSET
                               EQU              0x3FC
   18 00000000 400253FC 
                       GPIOF_DATA_R
                               EQU              GPIOF_BASE + GPIOF_DATA_OFFSET
   19 00000000         
   20 00000000 0000051C 
                       GPIOF_DEN_OFFSET
                               EQU              0x51C
   21 00000000 4002551C 
                       GPIOF_DEN_R
                               EQU              GPIOF_BASE + GPIOF_DEN_OFFSET
   22 00000000         
   23 00000000 00000510 
                       GPIOF_PUR_OFFSET
                               EQU              0x510
   24 00000000 40025510 
                       GPIOF_PUR_R
                               EQU              GPIOF_BASE + GPIOF_PUR_OFFSET
   25 00000000         
   26 00000000 00000520 
                       GPIOF_LCK_OFFSET
                               EQU              0x520
   27 00000000 40025520 
                       GPIOF_LCK_R
                               EQU              GPIOF_BASE + GPIOF_LCK_OFFSET
   28 00000000         
   29 00000000 00000524 
                       GPIOF_CR_OFFSET
                               EQU              0x524



ARM Macro Assembler    Page 2 


   30 00000000 40025524 
                       GPIOF_CR_R
                               EQU              GPIOF_BASE +  GPIOF_CR_OFFSET
   31 00000000         
   32 00000000 4C4F434B 
                       LOCK_KEY
                               EQU              0x4C4F434B
   33 00000000         
   34 00000000         
   35 00000000         
   36 00000000 00000020 
                       GPIOF_EN
                               EQU              1<<5
   37 00000000 00000002 
                       LED_RED EQU              1<<1
   38 00000000 00000004 
                       LED_BLUE
                               EQU              1<<2
   39 00000000 00000008 
                       LED_GREEN
                               EQU              1<<3
   40 00000000         
   41 00000000 00000000 
                       RED_OFF EQU              0<<1
   42 00000000         
   43 00000000 00516155 
                       ONESEC  EQU              5333333
   44 00000000 000411AB 
                       HSEC    EQU              266667
   45 00000000         
   46 00000000 00000010 
                       SW1     EQU              1<<4
   47 00000000 00000001 
                       SW2     EQU              1<<0
   48 00000000         
   49 00000000         
   50 00000000         ; Output 
   51 00000000         ; R0  0x01  = switch1 is pressed
   52 00000000         ; R0 0x10  = switch2  is pressed
   53 00000000         ; R0 0x00  =  both switches are pressed
   54 00000000         ; R0  0x11  =  no swtich is pressed
   55 00000000         
   56 00000000 00000001 
                       SW1_PRESSED
                               EQU              0x01
   57 00000000 00000010 
                       SW2_PRESSED
                               EQU              0x10
   58 00000000 00000000 
                       BOTH_PRESSED
                               EQU              0x00
   59 00000000 00000011 
                       NO_PRESS
                               EQU              0x11
   60 00000000         
   61 00000000         
   62 00000000         
   63 00000000                 AREA             |.text|,CODE,READONLY,ALIGN=2
   64 00000000                 THUMB



ARM Macro Assembler    Page 3 


   65 00000000                 ENTRY
   66 00000000                 EXPORT           __main
   67 00000000         
   68 00000000         
   69 00000000         
   70 00000000         __main
   71 00000000         
   72 00000000 F000 F811       BL               GPIO_Init
   73 00000004         
   74 00000004         loop
   75 00000004 F000 F83A       BL               GPIO_Read
   76 00000008 2801            CMP              R0,#SW1_PRESSED
   77 0000000A D002            BEQ              _switch1
   78 0000000C 2810            CMP              R0,#SW2_PRESSED
   79 0000000E D005            BEQ              _switch2
   80 00000010 E7F8            B                loop
   81 00000012         
   82 00000012         
   83 00000012         
   84 00000012         _switch1
   85 00000012 F04F 0002       MOV              R0,#LED_RED
   86 00000016 F000 F82E       BL               _led_on
   87 0000001A E7F3            B                loop
   88 0000001C         
   89 0000001C         _switch2
   90 0000001C F04F 0008       MOV              R0,#LED_GREEN
   91 00000020 F000 F829       BL               _led_on
   92 00000024 E7EE            B                loop
   93 00000026         
   94 00000026         
   95 00000026         
   96 00000026         GPIO_Init
   97 00000026         ;Enable clock access to PORTF
   98 00000026         ;SYSCTL->RCGCGPIO |= GPIOF_EN
   99 00000026 4918            LDR              R1,=SYSCTL_RCGCGPIO_R
  100 00000028 6808            LDR              R0,[R1]
  101 0000002A F040 0020       ORR              R0,#GPIOF_EN
  102 0000002E 6008            STR              R0,[R1]
  103 00000030 BF00            NOP
  104 00000032 BF00            NOP
  105 00000034         
  106 00000034 4915            LDR              R1,=GPIOF_LCK_R
  107 00000036 4816            LDR              R0,=LOCK_KEY
  108 00000038 6008            STR              R0,[R1]
  109 0000003A         
  110 0000003A 4916            LDR              R1,=GPIOF_CR_R
  111 0000003C F04F 00FF       MOV              R0,#0xFF
  112 00000040 6008            STR              R0,[R1]
  113 00000042         
  114 00000042         
  115 00000042         ;Set PF1 as output
  116 00000042         ;GPIOF->DIR |=  LED_RED  |LED_GREEN
  117 00000042         
  118 00000042 4915            LDR              R1,=GPIOF_DIR_R
  119 00000044 6808            LDR              R0,[R1]
  120 00000046 F040 0002       ORR              R0,#LED_RED
  121 0000004A F040 0008       ORR              R0,#LED_GREEN
  122 0000004E 6008            STR              R0,[R1]
  123 00000050         



ARM Macro Assembler    Page 4 


  124 00000050         ;Digitally enable PF1
  125 00000050         ;GPIOF->DEN |=LED_RED|LED_GREEN | SW1 |SW2
  126 00000050         
  127 00000050 4912            LDR              R1,=GPIOF_DEN_R
  128 00000052 6808            LDR              R0,[R1]
  129 00000054 F040 0002       ORR              R0,#LED_RED
  130 00000058 F040 0008       ORR              R0,#LED_GREEN
  131 0000005C F040 0010       ORR              R0,#SW1
  132 00000060 F040 0001       ORR              R0,#SW2
  133 00000064 6008            STR              R0,[R1]
  134 00000066         
  135 00000066         ;GPIOF->PUR |=SW1|SW2
  136 00000066         
  137 00000066 490E            LDR              R1,=GPIOF_PUR_R
  138 00000068 6808            LDR              R0,[R1]
  139 0000006A F040 0010       ORR              R0,#SW1
  140 0000006E F040 0001       ORR              R0,#SW2
  141 00000072 6008            STR              R0,[R1]
  142 00000074 4770            BX               LR
  143 00000076         
  144 00000076         _led_on
  145 00000076         
  146 00000076 490B            LDR              R1,=GPIOF_DATA_R
  147 00000078 6008            STR              R0,[R1]
  148 0000007A 4770            BX               LR
  149 0000007C         
  150 0000007C         
  151 0000007C         GPIO_Read
  152 0000007C         
  153 0000007C 4909            LDR              R1,=GPIOF_DATA_R
  154 0000007E 6808            LDR              R0,[R1]
  155 00000080 F000 0011       AND              R0,#0x11
  156 00000084         
  157 00000084 4770            BX               LR
  158 00000086         
  159 00000086         
  160 00000086         
  161 00000086 00 00           ALIGN
  162 00000088                 END
              400FE608 
              40025520 
              4C4F434B 
              40025524 
              40025400 
              4002551C 
              40025510 
              400253FC 
Command Line: --debug --xref --diag_suppress=9931 --cpu=Cortex-M4.fp --apcs=int
erwork --depend=.\objects\main.d -o.\objects\main.o -I.\RTE\_tm4c -IC:\Users\Is
rael\AppData\Local\Arm\Packs\ARM\CMSIS\5.5.1\CMSIS\Core\Include -IC:\Users\Isra
el\AppData\Local\Arm\Packs\Keil\TM4C_DFP\1.1.0\Device\Include\TM4C123 --predefi
ne="__EVAL SETA 1" --predefine="__UVISION_VERSION SETA 528" --predefine="_RTE_ 
SETA 1" --predefine="TM4C1230H6PM SETA 1" --list=.\listings\main.lst main.s



ARM Macro Assembler    Page 1 Alphabetic symbol ordering
Relocatable symbols

.text 00000000

Symbol: .text
   Definitions
      At line 63 in file main.s
   Uses
      None
Comment: .text unused
GPIO_Init 00000026

Symbol: GPIO_Init
   Definitions
      At line 96 in file main.s
   Uses
      At line 72 in file main.s
Comment: GPIO_Init used once
GPIO_Read 0000007C

Symbol: GPIO_Read
   Definitions
      At line 151 in file main.s
   Uses
      At line 75 in file main.s
Comment: GPIO_Read used once
__main 00000000

Symbol: __main
   Definitions
      At line 70 in file main.s
   Uses
      At line 66 in file main.s
Comment: __main used once
_led_on 00000076

Symbol: _led_on
   Definitions
      At line 144 in file main.s
   Uses
      At line 86 in file main.s
      At line 91 in file main.s

_switch1 00000012

Symbol: _switch1
   Definitions
      At line 84 in file main.s
   Uses
      At line 77 in file main.s
Comment: _switch1 used once
_switch2 0000001C

Symbol: _switch2
   Definitions
      At line 89 in file main.s
   Uses
      At line 79 in file main.s
Comment: _switch2 used once
loop 00000004




ARM Macro Assembler    Page 2 Alphabetic symbol ordering
Relocatable symbols

Symbol: loop
   Definitions
      At line 74 in file main.s
   Uses
      At line 80 in file main.s
      At line 87 in file main.s
      At line 92 in file main.s

8 symbols



ARM Macro Assembler    Page 1 Alphabetic symbol ordering
Absolute symbols

BOTH_PRESSED 00000000

Symbol: BOTH_PRESSED
   Definitions
      At line 58 in file main.s
   Uses
      None
Comment: BOTH_PRESSED unused
GPIOF_BASE 40025000

Symbol: GPIOF_BASE
   Definitions
      At line 12 in file main.s
   Uses
      At line 15 in file main.s
      At line 18 in file main.s
      At line 21 in file main.s
      At line 24 in file main.s
      At line 27 in file main.s
      At line 30 in file main.s

GPIOF_CR_OFFSET 00000524

Symbol: GPIOF_CR_OFFSET
   Definitions
      At line 29 in file main.s
   Uses
      At line 30 in file main.s
Comment: GPIOF_CR_OFFSET used once
GPIOF_CR_R 40025524

Symbol: GPIOF_CR_R
   Definitions
      At line 30 in file main.s
   Uses
      At line 110 in file main.s
Comment: GPIOF_CR_R used once
GPIOF_DATA_OFFSET 000003FC

Symbol: GPIOF_DATA_OFFSET
   Definitions
      At line 17 in file main.s
   Uses
      At line 18 in file main.s
Comment: GPIOF_DATA_OFFSET used once
GPIOF_DATA_R 400253FC

Symbol: GPIOF_DATA_R
   Definitions
      At line 18 in file main.s
   Uses
      At line 146 in file main.s
      At line 153 in file main.s

GPIOF_DEN_OFFSET 0000051C

Symbol: GPIOF_DEN_OFFSET
   Definitions
      At line 20 in file main.s



ARM Macro Assembler    Page 2 Alphabetic symbol ordering
Absolute symbols

   Uses
      At line 21 in file main.s
Comment: GPIOF_DEN_OFFSET used once
GPIOF_DEN_R 4002551C

Symbol: GPIOF_DEN_R
   Definitions
      At line 21 in file main.s
   Uses
      At line 127 in file main.s
Comment: GPIOF_DEN_R used once
GPIOF_DIR_OFFSET 00000400

Symbol: GPIOF_DIR_OFFSET
   Definitions
      At line 14 in file main.s
   Uses
      At line 15 in file main.s
Comment: GPIOF_DIR_OFFSET used once
GPIOF_DIR_R 40025400

Symbol: GPIOF_DIR_R
   Definitions
      At line 15 in file main.s
   Uses
      At line 118 in file main.s
Comment: GPIOF_DIR_R used once
GPIOF_EN 00000020

Symbol: GPIOF_EN
   Definitions
      At line 36 in file main.s
   Uses
      At line 101 in file main.s
Comment: GPIOF_EN used once
GPIOF_LCK_OFFSET 00000520

Symbol: GPIOF_LCK_OFFSET
   Definitions
      At line 26 in file main.s
   Uses
      At line 27 in file main.s
Comment: GPIOF_LCK_OFFSET used once
GPIOF_LCK_R 40025520

Symbol: GPIOF_LCK_R
   Definitions
      At line 27 in file main.s
   Uses
      At line 106 in file main.s
Comment: GPIOF_LCK_R used once
GPIOF_PUR_OFFSET 00000510

Symbol: GPIOF_PUR_OFFSET
   Definitions
      At line 23 in file main.s
   Uses
      At line 24 in file main.s
Comment: GPIOF_PUR_OFFSET used once



ARM Macro Assembler    Page 3 Alphabetic symbol ordering
Absolute symbols

GPIOF_PUR_R 40025510

Symbol: GPIOF_PUR_R
   Definitions
      At line 24 in file main.s
   Uses
      At line 137 in file main.s
Comment: GPIOF_PUR_R used once
HSEC 000411AB

Symbol: HSEC
   Definitions
      At line 44 in file main.s
   Uses
      None
Comment: HSEC unused
LED_BLUE 00000004

Symbol: LED_BLUE
   Definitions
      At line 38 in file main.s
   Uses
      None
Comment: LED_BLUE unused
LED_GREEN 00000008

Symbol: LED_GREEN
   Definitions
      At line 39 in file main.s
   Uses
      At line 90 in file main.s
      At line 121 in file main.s
      At line 130 in file main.s

LED_RED 00000002

Symbol: LED_RED
   Definitions
      At line 37 in file main.s
   Uses
      At line 85 in file main.s
      At line 120 in file main.s
      At line 129 in file main.s

LOCK_KEY 4C4F434B

Symbol: LOCK_KEY
   Definitions
      At line 32 in file main.s
   Uses
      At line 107 in file main.s
Comment: LOCK_KEY used once
NO_PRESS 00000011

Symbol: NO_PRESS
   Definitions
      At line 59 in file main.s
   Uses
      None



ARM Macro Assembler    Page 4 Alphabetic symbol ordering
Absolute symbols

Comment: NO_PRESS unused
ONESEC 00516155

Symbol: ONESEC
   Definitions
      At line 43 in file main.s
   Uses
      None
Comment: ONESEC unused
RCGCGPIO_OFFSET 00000608

Symbol: RCGCGPIO_OFFSET
   Definitions
      At line 9 in file main.s
   Uses
      At line 10 in file main.s
Comment: RCGCGPIO_OFFSET used once
RED_OFF 00000000

Symbol: RED_OFF
   Definitions
      At line 41 in file main.s
   Uses
      None
Comment: RED_OFF unused
SW1 00000010

Symbol: SW1
   Definitions
      At line 46 in file main.s
   Uses
      At line 131 in file main.s
      At line 139 in file main.s

SW1_PRESSED 00000001

Symbol: SW1_PRESSED
   Definitions
      At line 56 in file main.s
   Uses
      At line 76 in file main.s
Comment: SW1_PRESSED used once
SW2 00000001

Symbol: SW2
   Definitions
      At line 47 in file main.s
   Uses
      At line 132 in file main.s
      At line 140 in file main.s

SW2_PRESSED 00000010

Symbol: SW2_PRESSED
   Definitions
      At line 57 in file main.s
   Uses
      At line 78 in file main.s
Comment: SW2_PRESSED used once



ARM Macro Assembler    Page 5 Alphabetic symbol ordering
Absolute symbols

SYSCTL_BASE 400FE000

Symbol: SYSCTL_BASE
   Definitions
      At line 8 in file main.s
   Uses
      At line 10 in file main.s
Comment: SYSCTL_BASE used once
SYSCTL_RCGCGPIO_R 400FE608

Symbol: SYSCTL_RCGCGPIO_R
   Definitions
      At line 10 in file main.s
   Uses
      At line 99 in file main.s
Comment: SYSCTL_RCGCGPIO_R used once
30 symbols
375 symbols in table
