


ARM Macro Assembler    Page 1 


    1 00000000                 AREA             jumpTable,CODE,READONLY
    2 00000000                 EXPORT           __main
    3 00000000                 ENTRY
    4 00000000         
    5 00000000 00000002 
                       num     EQU              2
    6 00000000         
    7 00000000         __main
    8 00000000 F04F 0000       MOV              R0,#0
    9 00000004 F04F 0103       MOV              R1,#3
   10 00000008 F04F 0202       MOV              R2,#2
   11 0000000C         
   12 0000000C F000 F801       BL               arithfunc
   13 00000010 E7FE    Stop    B                Stop
   14 00000012         
   15 00000012         
   16 00000012         arithfunc
   17 00000012 2802            CMP              R0,#num
   18 00000014 BF28 46F7       MOVHS            PC,LR
   19 00000018 F20F 0308 
              F103 0300        ADRL             R3,JumpTable
   20 00000020 F8D3 F004       LDR              PC,[R3,#4]
   21 00000024         
   22 00000024         JumpTable
   23 00000024 00000000        DCD              DoAdd
   24 00000028 00000000        DCD              DoSub
   25 0000002C         
   26 0000002C         DoAdd
   27 0000002C EB01 0002       ADD              R0,R1,R2
   28 00000030 4770            BX               LR
   29 00000032         
   30 00000032         DoSub
   31 00000032 EBA1 0002       SUB              R0,R1,R2
   32 00000036 4770            BX               LR
   33 00000038         
   34 00000038                 END
Command Line: --debug --xref --diag_suppress=9931 --cpu=Cortex-M4.fp --apcs=int
erwork --depend=.\objects\main.d -o.\objects\main.o -I.\RTE\_CortexM4 -IC:\Keil
_v5\ARM\PACK\ARM\CMSIS\5.3.0\CMSIS\Include -IC:\Keil_v5\ARM\PACK\Keil\STM32F4xx
_DFP\2.13.0\Drivers\CMSIS\Device\ST\STM32F4xx\Include --predefine="__EVAL SETA 
1" --predefine="__MICROLIB SETA 1" --predefine="__UVISION_VERSION SETA 525" --p
redefine="_RTE_ SETA 1" --predefine="STM32F411xE SETA 1" --list=.\listings\main
.lst main.s



ARM Macro Assembler    Page 1 Alphabetic symbol ordering
Relocatable symbols

DoAdd 0000002C

Symbol: DoAdd
   Definitions
      At line 26 in file main.s
   Uses
      At line 23 in file main.s
Comment: DoAdd used once
DoSub 00000032

Symbol: DoSub
   Definitions
      At line 30 in file main.s
   Uses
      At line 24 in file main.s
Comment: DoSub used once
JumpTable 00000024

Symbol: JumpTable
   Definitions
      At line 22 in file main.s
   Uses
      At line 19 in file main.s
Comment: JumpTable used once
Stop 00000010

Symbol: Stop
   Definitions
      At line 13 in file main.s
   Uses
      At line 13 in file main.s
Comment: Stop used once
__main 00000000

Symbol: __main
   Definitions
      At line 7 in file main.s
   Uses
      At line 2 in file main.s
Comment: __main used once
arithfunc 00000012

Symbol: arithfunc
   Definitions
      At line 16 in file main.s
   Uses
      At line 12 in file main.s
Comment: arithfunc used once
jumpTable 00000000

Symbol: jumpTable
   Definitions
      At line 1 in file main.s
   Uses
      None
Comment: jumpTable unused
7 symbols



ARM Macro Assembler    Page 1 Alphabetic symbol ordering
Absolute symbols

num 00000002

Symbol: num
   Definitions
      At line 5 in file main.s
   Uses
      At line 17 in file main.s
Comment: num used once
1 symbol
344 symbols in table
