


ARM Macro Assembler    Page 1 


    1 00000000         
    2 00000000         
    3 00000000                 AREA             Swap, CODE, READONLY
    4 00000000                 EXPORT           __main
    5 00000000         
    6 00000000         
    7 00000000         __main
    8 00000000 4806            LDR              R0, =0xE000ED88 ;Read value at 
                                                            the address of the 
                                                            Coprocessor Access 
                                                            Control Register
    9 00000002 6801            LDR              R1,[R0]
   10 00000004 F441 0170       ORR              R1,R1,#(0xF << 20) 
                                                            ;Enable CP10,CP11
   11 00000008 6001            STR              R1,[R0]
   12 0000000A         
   13 0000000A F04F 537E       LDR              R3,=0x3F800000 
                                                            ;Single precision
   14 0000000E EE01 3A90       VMOV.F           S3,R3       ;Transfer contents 
                                                            from Main Regiters 
                                                            to FPU
   15 00000012 ED9F 2A03       VLDR.F           S4, = 6.0221415e23 ;Avogadro's 
                                                            constant
   16 00000016 EE12 4A10       VMOV.F           R4,S4       ;Transfer contents 
                                                            from FPU to Main Re
                                                            gisters
   17 0000001A         
   18 0000001A E7FE    Stop    B                Stop
   19 0000001C         
   20 0000001C                 END
              E000ED88 
              66FF0C30 
Command Line: --debug --xref --diag_suppress=9931 --cpu=Cortex-M4.fp --apcs=int
erwork --depend=.\objects\main.d -o.\objects\main.o -I.\RTE\_stm32f4 -IC:\Keil_
v5\V518a\ARM\PACK\ARM\CMSIS\5.3.0\CMSIS\Include -IC:\Keil_v5\V518a\ARM\PACK\Kei
l\STM32F4xx_DFP\2.11.0\Drivers\CMSIS\Device\ST\STM32F4xx\Include --predefine="_
_MICROLIB SETA 1" --predefine="__UVISION_VERSION SETA 525" --predefine="_RTE_ S
ETA 1" --predefine="STM32F411xE SETA 1" --list=.\listings\main.lst main.s



ARM Macro Assembler    Page 1 Alphabetic symbol ordering
Relocatable symbols

Stop 0000001A

Symbol: Stop
   Definitions
      At line 18 in file main.s
   Uses
      At line 18 in file main.s
Comment: Stop used once
Swap 00000000

Symbol: Swap
   Definitions
      At line 3 in file main.s
   Uses
      None
Comment: Swap unused
__main 00000000

Symbol: __main
   Definitions
      At line 7 in file main.s
   Uses
      At line 4 in file main.s
Comment: __main used once
3 symbols
340 symbols in table
