


ARM Macro Assembler    Page 1 


    1 00000000                 AREA             factorial,CODE, READONLY
    2 00000000                 ENTRY
    3 00000000                 EXPORT           __main
    4 00000000         
    5 00000000         
    6 00000000         ; Comouting n factorial where n=10
    7 00000000         
    8 00000000         __main
    9 00000000 F04F 060A       MOV              R6,#10
   10 00000004 F04F 0701       MOV              R7,#1
   11 00000008         
   12 00000008         loop
   13 00000008 2E00            CMP              R6,#0
   14 0000000A BFC2            ITTT             GT
   15 0000000C 4377            MULGT            R7,R6,R7
   16 0000000E 1E76            SUBGT            R6,R6,#1
   17 00000010 E7FA            BGT              loop
   18 00000012         
   19 00000012 E7FE    Stop    B                Stop
   20 00000014         
   21 00000014                 END
Command Line: --debug --xref --diag_suppress=9931 --cpu=Cortex-M4.fp --apcs=int
erwork --depend=.\objects\main.d -o.\objects\main.o -I.\RTE\_Cortex-M4 -IC:\Kei
l_v5\ARM\PACK\ARM\CMSIS\5.3.0\CMSIS\Include -IC:\Keil_v5\ARM\PACK\Keil\STM32F4x
x_DFP\2.13.0\Drivers\CMSIS\Device\ST\STM32F4xx\Include --predefine="__EVAL SETA
 1" --predefine="__MICROLIB SETA 1" --predefine="__UVISION_VERSION SETA 525" --
predefine="_RTE_ SETA 1" --predefine="STM32F411xE SETA 1" --list=.\listings\mai
n.lst main.s



ARM Macro Assembler    Page 1 Alphabetic symbol ordering
Relocatable symbols

Stop 00000012

Symbol: Stop
   Definitions
      At line 19 in file main.s
   Uses
      At line 19 in file main.s
Comment: Stop used once
__main 00000000

Symbol: __main
   Definitions
      At line 8 in file main.s
   Uses
      At line 3 in file main.s
Comment: __main used once
factorial 00000000

Symbol: factorial
   Definitions
      At line 1 in file main.s
   Uses
      None
Comment: factorial unused
loop 00000008

Symbol: loop
   Definitions
      At line 12 in file main.s
   Uses
      At line 17 in file main.s
Comment: loop used once
4 symbols
340 symbols in table
