


ARM Macro Assembler    Page 1 


    1 00000000         
    2 00000000                 AREA             |.text|,CODE,READONLY
    3 00000000                 EXPORT           Number
    4 00000000         Number
    5 00000000 F04F 0079       MOV              R0,#121
    6 00000004 4770            BX               LR
    7 00000006 00 00           ALIGN
    8 00000008                 END
Command Line: --debug --xref --diag_suppress=9931 --cpu=Cortex-M4.fp --apcs=int
erwork --depend=.\objects\function.d -o.\objects\function.o -I.\RTE\_Cortex-M4 
-IC:\Keil_v5\ARM\PACK\ARM\CMSIS\5.3.0\CMSIS\Include -IC:\Keil_v5\ARM\PACK\Keil\
STM32F4xx_DFP\2.13.0\Drivers\CMSIS\Device\ST\STM32F4xx\Include --predefine="__E
VAL SETA 1" --predefine="__MICROLIB SETA 1" --predefine="__UVISION_VERSION SETA
 525" --predefine="_RTE_ SETA 1" --predefine="STM32F411xE SETA 1" --list=.\list
ings\function.lst function.s



ARM Macro Assembler    Page 1 Alphabetic symbol ordering
Relocatable symbols

.text 00000000

Symbol: .text
   Definitions
      At line 2 in file function.s
   Uses
      None
Comment: .text unused
Number 00000000

Symbol: Number
   Definitions
      At line 4 in file function.s
   Uses
      At line 3 in file function.s
Comment: Number used once
2 symbols
338 symbols in table
