


ARM Macro Assembler    Page 1 


    1 00000000 40023800 
                       RCC_BASE
                               EQU              0x40023800
    2 00000000 00000030 
                       AHB1ENR_OFFSET
                               EQU              0x30
    3 00000000 40023830 
                       RCC_AHB1ENR
                               EQU              RCC_BASE + AHB1ENR_OFFSET
    4 00000000         
    5 00000000 40020000 
                       GPIOA_BASE
                               EQU              0x40020000
    6 00000000         
    7 00000000 00000000 
                       GPIOA_MODER_OFFSET
                               EQU              0x00
    8 00000000 40020000 
                       GPIOA_MODER
                               EQU              GPIOA_BASE + GPIOA_MODER_OFFSET
    9 00000000         
   10 00000000 00000014 
                       GPIOA_ODR_OFFSET
                               EQU              0x14
   11 00000000 40020014 
                       GPIOA_ODR
                               EQU              GPIOA_BASE + GPIOA_ODR_OFFSET
   12 00000000         
   13 00000000 40020800 
                       GPIOC_BASE
                               EQU              0x40020800
   14 00000000 00000000 
                       GPIOC_MODER_OFFSET
                               EQU              0x00
   15 00000000 40020800 
                       GPIOC_MODER
                               EQU              GPIOC_BASE + GPIOC_MODER_OFFSET
   16 00000000         
   17 00000000 00000010 
                       GPIOC_IDR_OFFSET
                               EQU              0x10
   18 00000000 40020810 
                       GPIOC_IDR
                               EQU              GPIOC_BASE + GPIOC_IDR_OFFSET
   19 00000000         
   20 00000000         
   21 00000000         ;Using the bit-set-reset-register
   22 00000000 00000018 
                       GPIOA_BSRR_OFFSET
                               EQU              0x18
   23 00000000 40020018 
                       GPIOA_BSRR
                               EQU              GPIOA_BASE + GPIOA_BSRR_OFFSET
   24 00000000         
   25 00000000 00000020 
                       BSRR_5_SET
                               EQU              1 << 5
   26 00000000 00200000 
                       BSRR_5_RESET



ARM Macro Assembler    Page 2 


                               EQU              1 << 21
   27 00000000         
   28 00000000 00000001 
                       GPIOA_EN
                               EQU              1<< 0
   29 00000000 00000004 
                       GPIOC_EN
                               EQU              1<< 2
   30 00000000         
   31 00000000 00000400 
                       MODER5_OUT
                               EQU              1 << 10
   32 00000000         
   33 00000000 00000020 
                       LED_ON  EQU              1 << 5
   34 00000000 00000000 
                       LED_OFF EQU              0 << 5
   35 00000000         
   36 00000000         
   37 00000000 00000000 
                       BTN_ON  EQU              0x0000
   38 00000000 00002000 
                       BTN_PIN EQU              0x2000
   39 00000000 00002000 
                       BTN_OFF EQU              0x2000
   40 00000000         
   41 00000000         
   42 00000000         
   43 00000000         
   44 00000000                 AREA             |.text|,CODE,READONLY,ALIGN=2
   45 00000000                 THUMB
   46 00000000                 ENTRY
   47 00000000                 EXPORT           __main
   48 00000000         
   49 00000000         __main
   50 00000000 F000 F817       BL               GPIO_Init
   51 00000004         
   52 00000004         loop
   53 00000004 F000 F810       BL               get_input
   54 00000008 2800            CMP              R0,#BTN_ON
   55 0000000A D008            BEQ              turn_led_on
   56 0000000C F5B0 5F00       CMP              R0,#BTN_OFF
   57 00000010 D000            BEQ              turn_led_off
   58 00000012         
   59 00000012 E7F7            B                loop
   60 00000014         
   61 00000014         
   62 00000014         
   63 00000014         turn_led_off
   64 00000014 4A0F            LDR              R2,=GPIOA_BSRR
   65 00000016 F44F 1100       MOV              R1,BSRR_5_RESET
   66 0000001A 6011            STR              R1,[R2]
   67 0000001C E7F2            B                loop
   68 0000001E         
   69 0000001E         
   70 0000001E         turn_led_on
   71 0000001E 4A0D            LDR              R2,=GPIOA_BSRR
   72 00000020 F04F 0120       MOV              R1,#BSRR_5_SET
   73 00000024 6011            STR              R1,[R2]



ARM Macro Assembler    Page 3 


   74 00000026 E7ED            B                loop
   75 00000028         
   76 00000028         get_input
   77 00000028 490B            LDR              R1,=GPIOC_IDR
   78 0000002A 6808            LDR              R0,[R1]
   79 0000002C F400 5000       AND              R0,R0,#BTN_PIN
   80 00000030 4770            BX               LR
   81 00000032         
   82 00000032         GPIO_Init
   83 00000032         ;RCC->AHB1ENR  |=GPIOA_EN
   84 00000032 480A            LDR              R0,=RCC_AHB1ENR
   85 00000034 6801            LDR              R1,[R0]
   86 00000036 F041 0101       ORR              R1,#GPIOA_EN
   87 0000003A 6001            STR              R1,[R0]
   88 0000003C         
   89 0000003C         ;GPIOA->MODER |=MODER5_OUT
   90 0000003C 4808            LDR              R0,=GPIOA_MODER
   91 0000003E 6801            LDR              R1,[R0]
   92 00000040 F441 6180       ORR              R1,#MODER5_OUT
   93 00000044 6001            STR              R1,[R0]
   94 00000046         
   95 00000046         ;Push button clock init
   96 00000046         ;RCC->AHB1ENR |=GPIOC_EN
   97 00000046         
   98 00000046 4805            LDR              R0,=RCC_AHB1ENR
   99 00000048 6801            LDR              R1,[R0]
  100 0000004A F041 0104       ORR              R1,#GPIOC_EN
  101 0000004E 6001            STR              R1,[R0]
  102 00000050         
  103 00000050 4770            BX               LR
  104 00000052         
  105 00000052         
  106 00000052         
  107 00000052 00 00           ALIGN
  108 00000054                 END
              40020018 
              40020810 
              40023830 
              40020000 
Command Line: --debug --xref --diag_suppress=9931 --cpu=Cortex-M4.fp --apcs=int
erwork --depend=.\objects\main.d -o.\objects\main.o -I.\RTE\_stm32 -IC:\Users\I
srael\AppData\Local\Arm\Packs\ARM\CMSIS\5.5.1\CMSIS\Core\Include -IC:\Users\Isr
ael\AppData\Local\Arm\Packs\Keil\STM32F4xx_DFP\2.14.0\Drivers\CMSIS\Device\ST\S
TM32F4xx\Include --predefine="__EVAL SETA 1" --predefine="__UVISION_VERSION SET
A 528" --predefine="_RTE_ SETA 1" --predefine="STM32F411xE SETA 1" --list=.\lis
tings\main.lst main.s



ARM Macro Assembler    Page 1 Alphabetic symbol ordering
Relocatable symbols

.text 00000000

Symbol: .text
   Definitions
      At line 44 in file main.s
   Uses
      None
Comment: .text unused
GPIO_Init 00000032

Symbol: GPIO_Init
   Definitions
      At line 82 in file main.s
   Uses
      At line 50 in file main.s
Comment: GPIO_Init used once
__main 00000000

Symbol: __main
   Definitions
      At line 49 in file main.s
   Uses
      At line 47 in file main.s
Comment: __main used once
get_input 00000028

Symbol: get_input
   Definitions
      At line 76 in file main.s
   Uses
      At line 53 in file main.s
Comment: get_input used once
loop 00000004

Symbol: loop
   Definitions
      At line 52 in file main.s
   Uses
      At line 59 in file main.s
      At line 67 in file main.s
      At line 74 in file main.s

turn_led_off 00000014

Symbol: turn_led_off
   Definitions
      At line 63 in file main.s
   Uses
      At line 57 in file main.s
Comment: turn_led_off used once
turn_led_on 0000001E

Symbol: turn_led_on
   Definitions
      At line 70 in file main.s
   Uses
      At line 55 in file main.s
Comment: turn_led_on used once
7 symbols



ARM Macro Assembler    Page 1 Alphabetic symbol ordering
Absolute symbols

AHB1ENR_OFFSET 00000030

Symbol: AHB1ENR_OFFSET
   Definitions
      At line 2 in file main.s
   Uses
      At line 3 in file main.s
Comment: AHB1ENR_OFFSET used once
BSRR_5_RESET 00200000

Symbol: BSRR_5_RESET
   Definitions
      At line 26 in file main.s
   Uses
      At line 65 in file main.s
Comment: BSRR_5_RESET used once
BSRR_5_SET 00000020

Symbol: BSRR_5_SET
   Definitions
      At line 25 in file main.s
   Uses
      At line 72 in file main.s
Comment: BSRR_5_SET used once
BTN_OFF 00002000

Symbol: BTN_OFF
   Definitions
      At line 39 in file main.s
   Uses
      At line 56 in file main.s
Comment: BTN_OFF used once
BTN_ON 00000000

Symbol: BTN_ON
   Definitions
      At line 37 in file main.s
   Uses
      At line 54 in file main.s
Comment: BTN_ON used once
BTN_PIN 00002000

Symbol: BTN_PIN
   Definitions
      At line 38 in file main.s
   Uses
      At line 79 in file main.s
Comment: BTN_PIN used once
GPIOA_BASE 40020000

Symbol: GPIOA_BASE
   Definitions
      At line 5 in file main.s
   Uses
      At line 8 in file main.s
      At line 11 in file main.s
      At line 23 in file main.s

GPIOA_BSRR 40020018



ARM Macro Assembler    Page 2 Alphabetic symbol ordering
Absolute symbols


Symbol: GPIOA_BSRR
   Definitions
      At line 23 in file main.s
   Uses
      At line 64 in file main.s
      At line 71 in file main.s

GPIOA_BSRR_OFFSET 00000018

Symbol: GPIOA_BSRR_OFFSET
   Definitions
      At line 22 in file main.s
   Uses
      At line 23 in file main.s
Comment: GPIOA_BSRR_OFFSET used once
GPIOA_EN 00000001

Symbol: GPIOA_EN
   Definitions
      At line 28 in file main.s
   Uses
      At line 86 in file main.s
Comment: GPIOA_EN used once
GPIOA_MODER 40020000

Symbol: GPIOA_MODER
   Definitions
      At line 8 in file main.s
   Uses
      At line 90 in file main.s
Comment: GPIOA_MODER used once
GPIOA_MODER_OFFSET 00000000

Symbol: GPIOA_MODER_OFFSET
   Definitions
      At line 7 in file main.s
   Uses
      At line 8 in file main.s
Comment: GPIOA_MODER_OFFSET used once
GPIOA_ODR 40020014

Symbol: GPIOA_ODR
   Definitions
      At line 11 in file main.s
   Uses
      None
Comment: GPIOA_ODR unused
GPIOA_ODR_OFFSET 00000014

Symbol: GPIOA_ODR_OFFSET
   Definitions
      At line 10 in file main.s
   Uses
      At line 11 in file main.s
Comment: GPIOA_ODR_OFFSET used once
GPIOC_BASE 40020800

Symbol: GPIOC_BASE



ARM Macro Assembler    Page 3 Alphabetic symbol ordering
Absolute symbols

   Definitions
      At line 13 in file main.s
   Uses
      At line 15 in file main.s
      At line 18 in file main.s

GPIOC_EN 00000004

Symbol: GPIOC_EN
   Definitions
      At line 29 in file main.s
   Uses
      At line 100 in file main.s
Comment: GPIOC_EN used once
GPIOC_IDR 40020810

Symbol: GPIOC_IDR
   Definitions
      At line 18 in file main.s
   Uses
      At line 77 in file main.s
Comment: GPIOC_IDR used once
GPIOC_IDR_OFFSET 00000010

Symbol: GPIOC_IDR_OFFSET
   Definitions
      At line 17 in file main.s
   Uses
      At line 18 in file main.s
Comment: GPIOC_IDR_OFFSET used once
GPIOC_MODER 40020800

Symbol: GPIOC_MODER
   Definitions
      At line 15 in file main.s
   Uses
      None
Comment: GPIOC_MODER unused
GPIOC_MODER_OFFSET 00000000

Symbol: GPIOC_MODER_OFFSET
   Definitions
      At line 14 in file main.s
   Uses
      At line 15 in file main.s
Comment: GPIOC_MODER_OFFSET used once
LED_OFF 00000000

Symbol: LED_OFF
   Definitions
      At line 34 in file main.s
   Uses
      None
Comment: LED_OFF unused
LED_ON 00000020

Symbol: LED_ON
   Definitions
      At line 33 in file main.s



ARM Macro Assembler    Page 4 Alphabetic symbol ordering
Absolute symbols

   Uses
      None
Comment: LED_ON unused
MODER5_OUT 00000400

Symbol: MODER5_OUT
   Definitions
      At line 31 in file main.s
   Uses
      At line 92 in file main.s
Comment: MODER5_OUT used once
RCC_AHB1ENR 40023830

Symbol: RCC_AHB1ENR
   Definitions
      At line 3 in file main.s
   Uses
      At line 84 in file main.s
      At line 98 in file main.s

RCC_BASE 40023800

Symbol: RCC_BASE
   Definitions
      At line 1 in file main.s
   Uses
      At line 3 in file main.s
Comment: RCC_BASE used once
25 symbols
369 symbols in table
