


ARM Macro Assembler    Page 1 


    1 00000000         ;Explain  with ARM_PPT2.pdf  
    2 00000000         
    3 00000000                 PRESERVE8
    4 00000000                 THUMB
    5 00000000         
    6 00000000                 AREA             |.text|,CODE, READONLY, ALIGN=2
    7 00000000                 ENTRY
    8 00000000                 EXPORT           __main
    9 00000000         
   10 00000000         __main
   11 00000000 F241 2534       MOV              R5, #0x1234
   12 00000004 F241 2334       MOV              R3, #0x1234
   13 00000008 EB05 0603       ADD              R6, R5, R3
   14 0000000C         
   15 0000000C         STOP
   16 0000000C E7FE            B                STOP
   17 0000000E                 END
Command Line: --debug --xref --diag_suppress=9931 --cpu=Cortex-M4.fp --apcs=int
erwork --depend=.\objects\main.d -o.\objects\main.o -I.\RTE\_Cortex-M4 -IC:\Kei
l_v5\V518a\ARM\PACK\ARM\CMSIS\5.3.0\CMSIS\Include -IC:\Keil_v5\V518a\ARM\PACK\K
eil\STM32F4xx_DFP\2.11.0\Drivers\CMSIS\Device\ST\STM32F4xx\Include --predefine=
"__MICROLIB SETA 1" --predefine="__UVISION_VERSION SETA 525" --predefine="_RTE_
 SETA 1" --predefine="STM32F411xE SETA 1" --list=.\listings\main.lst main.s



ARM Macro Assembler    Page 1 Alphabetic symbol ordering
Relocatable symbols

.text 00000000

Symbol: .text
   Definitions
      At line 6 in file main.s
   Uses
      None
Comment: .text unused
STOP 0000000C

Symbol: STOP
   Definitions
      At line 15 in file main.s
   Uses
      At line 16 in file main.s
Comment: STOP used once
__main 00000000

Symbol: __main
   Definitions
      At line 10 in file main.s
   Uses
      At line 8 in file main.s
Comment: __main used once
3 symbols
338 symbols in table
