


ARM Macro Assembler    Page 1 


    1 00000000         
    2 00000000                 AREA             myCode,CODE,READONLY
    3 00000000                 ENTRY
    4 00000000                 EXPORT           __main
    5 00000000         
    6 00000000         __main
    7 00000000 F04F 0204       MOV              R2,#4
    8 00000004 F04F 0302       MOV              R3,#2
    9 00000008 F04F 0404       MOV              R4,#4
   10 0000000C         
   11 0000000C 1AD5            SUBS             R5,R2,R3    ;R5 =  R2 - R3 (R5=
                                                             4-2= 2)
   12 0000000E 1B15            SUBS             R5,R2,R4    ;R5 =  R2 -R4   (R5
                                                             = 4-4=0)
   13 00000010         
   14 00000010 E7FE    Stop    B                Stop
   15 00000012         
   16 00000012                 END
Command Line: --debug --xref --diag_suppress=9931 --cpu=Cortex-M4.fp --apcs=int
erwork --depend=.\objects\main.d -o.\objects\main.o -I.\RTE\_CortexM4 -IC:\Keil
_v5\ARM\PACK\ARM\CMSIS\5.3.0\CMSIS\Include -IC:\Keil_v5\ARM\PACK\Keil\STM32F4xx
_DFP\2.13.0\Drivers\CMSIS\Device\ST\STM32F4xx\Include --predefine="__EVAL SETA 
1" --predefine="__MICROLIB SETA 1" --predefine="__UVISION_VERSION SETA 525" --p
redefine="_RTE_ SETA 1" --predefine="STM32F411xE SETA 1" --list=.\listings\main
.lst main.s



ARM Macro Assembler    Page 1 Alphabetic symbol ordering
Relocatable symbols

Stop 00000010

Symbol: Stop
   Definitions
      At line 14 in file main.s
   Uses
      At line 14 in file main.s
Comment: Stop used once
__main 00000000

Symbol: __main
   Definitions
      At line 6 in file main.s
   Uses
      At line 4 in file main.s
Comment: __main used once
myCode 00000000

Symbol: myCode
   Definitions
      At line 2 in file main.s
   Uses
      None
Comment: myCode unused
3 symbols
339 symbols in table
