


ARM Macro Assembler    Page 1 


    1 00000000         
    2 00000000                 AREA             |.text|,CODE,READONLY
    3 00000000                 IMPORT           Adder
    4 00000000                 IMPORT           num
    5 00000000                 EXPORT           __main
    6 00000000                 ENTRY
    7 00000000         
    8 00000000         
    9 00000000         __main
   10 00000000 4902            LDR              R1,=num
   11 00000002 F04F 0064       MOV              R0,#100
   12 00000006 6008            STR              R0,[R1]
   13 00000008 F7FF FFFE       BL               Adder
   14 0000000C         
   15 0000000C                 END
              00000000 
Command Line: --debug --xref --diag_suppress=9931 --cpu=Cortex-M4.fp --apcs=int
erwork --depend=.\objects\main.d -o.\objects\main.o -I.\RTE\_CortexM4 -IC:\Keil
_v5\ARM\PACK\ARM\CMSIS\5.3.0\CMSIS\Include -IC:\Keil_v5\ARM\PACK\Keil\STM32F4xx
_DFP\2.13.0\Drivers\CMSIS\Device\ST\STM32F4xx\Include --predefine="__EVAL SETA 
1" --predefine="__MICROLIB SETA 1" --predefine="__UVISION_VERSION SETA 525" --p
redefine="_RTE_ SETA 1" --predefine="STM32F411xE SETA 1" --list=.\listings\main
.lst main.s



ARM Macro Assembler    Page 1 Alphabetic symbol ordering
Relocatable symbols

.text 00000000

Symbol: .text
   Definitions
      At line 2 in file main.s
   Uses
      None
Comment: .text unused
__main 00000000

Symbol: __main
   Definitions
      At line 9 in file main.s
   Uses
      At line 5 in file main.s
Comment: __main used once
2 symbols



ARM Macro Assembler    Page 1 Alphabetic symbol ordering
External symbols

Adder 00000000

Symbol: Adder
   Definitions
      At line 3 in file main.s
   Uses
      At line 13 in file main.s
Comment: Adder used once
num 00000000

Symbol: num
   Definitions
      At line 4 in file main.s
   Uses
      At line 10 in file main.s
Comment: num used once
2 symbols
342 symbols in table
