


ARM Macro Assembler    Page 1 


    1 00000000         
    2 00000000         ; P = Q + R + S
    3 00000000         ; let Q=2, R=4, S=5 
    4 00000000         
    5 00000000         
    6 00000000 00000002 
                       Q       EQU              2
    7 00000000 00000004 
                       R       EQU              4
    8 00000000 00000005 
                       S       EQU              5
    9 00000000         
   10 00000000         
   11 00000000         
   12 00000000                 AREA             SimpleEquation,CODE, READONLY
   13 00000000                 ENTRY
   14 00000000                 EXPORT           __main
   15 00000000         
   16 00000000         
   17 00000000         __main
   18 00000000 F04F 0102       MOV              R1,#Q
   19 00000004 F04F 0204       MOV              R2,#R
   20 00000008 F04F 0305       MOV              R3,#S
   21 0000000C         
   22 0000000C EB01 0002       ADD              R0,R1,R2
   23 00000010 4418            ADD              R0,R0,R3
   24 00000012         
   25 00000012 E7FE    Stop    B                Stop
   26 00000014         
   27 00000014                 END
Command Line: --debug --xref --diag_suppress=9931 --cpu=Cortex-M4.fp --apcs=int
erwork --depend=.\objects\main.d -o.\objects\main.o -I.\RTE\_Cortex-M4 -IC:\Kei
l_v5\ARM\PACK\ARM\CMSIS\5.3.0\CMSIS\Include -IC:\Keil_v5\ARM\PACK\Keil\STM32F4x
x_DFP\2.13.0\Drivers\CMSIS\Device\ST\STM32F4xx\Include --predefine="__EVAL SETA
 1" --predefine="__MICROLIB SETA 1" --predefine="__UVISION_VERSION SETA 525" --
predefine="_RTE_ SETA 1" --predefine="STM32F411xE SETA 1" --list=.\listings\mai
n.lst main.s



ARM Macro Assembler    Page 1 Alphabetic symbol ordering
Relocatable symbols

SimpleEquation 00000000

Symbol: SimpleEquation
   Definitions
      At line 12 in file main.s
   Uses
      None
Comment: SimpleEquation unused
Stop 00000012

Symbol: Stop
   Definitions
      At line 25 in file main.s
   Uses
      At line 25 in file main.s
Comment: Stop used once
__main 00000000

Symbol: __main
   Definitions
      At line 17 in file main.s
   Uses
      At line 14 in file main.s
Comment: __main used once
3 symbols



ARM Macro Assembler    Page 1 Alphabetic symbol ordering
Absolute symbols

Q 00000002

Symbol: Q
   Definitions
      At line 6 in file main.s
   Uses
      At line 18 in file main.s
Comment: Q used once
R 00000004

Symbol: R
   Definitions
      At line 7 in file main.s
   Uses
      At line 19 in file main.s
Comment: R used once
S 00000005

Symbol: S
   Definitions
      At line 8 in file main.s
   Uses
      At line 20 in file main.s
Comment: S used once
3 symbols
342 symbols in table
